<?xml version="1.0" encoding="UTF-8"?>
<!-- Generated by org.testng.reporters.JUnitReportReporter -->
<testsuite hostname="DESKTOP-T5CP6CB" failures="0" tests="1" name="test.Vistaraofferstest" time="44.673" errors="0" timestamp="2024-03-30T06:25:27 GMT-07:00" skipped="0">
  <testcase classname="test.Vistaraofferstest" name="offers" time="44.673"/>
  <system-out/>
</testsuite> <!-- test.Vistaraofferstest -->
