<?xml version="1.0" encoding="UTF-8"?>
<!-- Generated by org.testng.reporters.JUnitReportReporter -->
<testsuite hostname="DESKTOP-T5CP6CB" failures="0" tests="1" name="test.Vistaraflightbooktest" time="101.245" errors="0" timestamp="2024-03-30T06:10:50 GMT-07:00" skipped="0">
  <testcase classname="test.Vistaraflightbooktest" name="flightbook" time="101.245"/>
  <system-out/>
</testsuite> <!-- test.Vistaraflightbooktest -->
