<?xml version="1.0" encoding="UTF-8"?>
<!-- Generated by org.testng.reporters.JUnitReportReporter -->
<testsuite hostname="DESKTOP-T5CP6CB" failures="0" tests="1" name="test.Vistaralogintest" time="27.878" errors="0" timestamp="2024-03-30T06:05:28 GMT-07:00" skipped="0">
  <testcase classname="test.Vistaralogintest" name="logincredentials" time="27.878"/>
  <system-out/>
</testsuite> <!-- test.Vistaralogintest -->
